<?xml version="1.0" encoding="UTF-8"?>
<!-- Generated by org.testng.reporters.JUnitReportReporter -->
<testsuite hostname="LAPTOP-VP9GMMJK" failures="0" tests="3" name="jen.simpleTest" time="19.601" errors="0" timestamp="15 Feb 2021 18:16:26 GMT" skipped="0">
  <testcase classname="jen.simpleTest" name="testcase3" time="6.390"/>
  <testcase classname="jen.simpleTest" name="testcase2" time="6.846"/>
  <testcase classname="jen.simpleTest" name="testcase1" time="6.365"/>
</testsuite> <!-- jen.simpleTest -->
